* using log directory ‘/mnt/c/Users/Markus/Desktop/repos/qpcR/qpcR.Rcheck’
* using R version 4.1.2 (2021-11-01)
* using platform: x86_64-pc-linux-gnu (64-bit)
* using session charset: UTF-8
* checking for file ‘qpcR/DESCRIPTION’ ... OK
* this is package ‘qpcR’ version ‘0.0.0.9000’
* package encoding: UTF-8
* checking package namespace information ... OK
* checking package dependencies ... OK
* checking if this is a source package ... OK
* checking if there is a namespace ... OK
* checking for executable files ... OK
* checking for hidden files and directories ... OK
* checking for portable file names ... OK
* checking for sufficient/correct file permissions ... OK
* checking whether package ‘qpcR’ can be installed ... OK
* checking installed package size ... OK
* checking package directory ... OK
* checking DESCRIPTION meta-information ... WARNING
Non-standard license specification:
  use_mit_license()
Standardizable: FALSE
* checking top-level files ... NOTE
File
  LICENSE
is not mentioned in the DESCRIPTION file.
* checking for left-over files ... OK
* checking index information ... OK
* checking package subdirectories ... WARNING
Subdirectory ‘data’ contains no data sets.
* checking R files for non-ASCII characters ... OK
* checking R files for syntax errors ... OK
* checking whether the package can be loaded ... OK
* checking whether the package can be loaded with stated dependencies ... OK
* checking whether the package can be unloaded cleanly ... OK
* checking whether the namespace can be loaded with stated dependencies ... OK
* checking whether the namespace can be unloaded cleanly ... OK
* checking loading without being on the library search path ... OK
* checking dependencies in R code ... NOTE
Namespace in Imports field not imported from: ‘stats’
  All declared Imports should be used.
* checking S3 generic/method consistency ... OK
* checking replacement functions ... OK
* checking foreign function calls ... OK
* checking R code for possible problems ... NOTE
conflate : stats: no visible global function definition for ‘sd’
conflate: no visible global function definition for ‘aggregate’
conflate: no visible global function definition for ‘as.formula’
geometric_mean: no visible global function definition for ‘na.omit’
outlier_method: no visible global function definition for ‘quantile’
outlier_method: no visible global function definition for ‘IQR’
outlier_method: no visible global function definition for ‘sd’
outlier_method: no visible global function definition for ‘median’
outlier_method: no visible global function definition for ‘mad’
se: no visible global function definition for ‘sd’
Undefined global functions or variables:
  IQR aggregate as.formula mad median na.omit quantile sd
Consider adding
  importFrom("stats", "IQR", "aggregate", "as.formula", "mad", "median",
             "na.omit", "quantile", "sd")
to your NAMESPACE file.
* checking Rd files ... OK
* checking Rd metadata ... OK
* checking Rd cross-references ... OK
* checking for missing documentation entries ... OK
* checking for code/documentation mismatches ... WARNING
Functions or methods with usage in documentation object 'get_e' but not in code:
  ‘get_e’

Functions or methods with usage in documentation object 'sanitize' but not in code:
  ‘sanitize’

Codoc mismatches from documentation object 'drop_columns':
drop_columns
  Code: function(df, cols = c("brep", "trep", "id"))
  Docs: function(df, cols = NULL)
  Mismatches in argument default values:
    Name: 'cols' Code: c("brep", "trep", "id") Docs: NULL

Codoc mismatches from documentation object 'make_groups':
make_groups
  Code: function(df, hkg, groups = NULL)
  Docs: function(df, groups)
  Argument names in code not in docs:
    hkg
  Mismatches in argument names:
    Position: 2 Code: hkg Docs: groups
  Mismatches in argument default values:
    Name: 'groups' Code: NULL Docs: 

Codoc mismatches from documentation object 'qpcR':
qpcR
  Code: function(df, hkg = NULL, reference = "control", groups = NULL,
                 aggregate = TRUE, outlier = TRUE, outlier.method =
                 "interquartile")
  Docs: function(df, hkg = NULL, reference = "control", groups = NULL)
  Argument names in code not in docs:
    aggregate outlier outlier.method

* checking Rd \usage sections ... WARNING
Documented arguments not in \usage in documentation object 'delta_cq':
  ‘contr_mean’

Undocumented arguments in documentation object 'qpcR'
  ‘reference’ ‘groups’
Documented arguments not in \usage in documentation object 'qpcR':
  ‘efficiency’

Functions with \usage entries need to have the appropriate \alias
entries, and all their arguments documented.
The \usage entries must correspond to syntactically valid R code.
See chapter ‘Writing R documentation files’ in the ‘Writing R
Extensions’ manual.
* checking Rd contents ... OK
* checking for unstated dependencies in examples ... OK
* checking contents of ‘data’ directory ... WARNING
Files not of a type allowed in a ‘data’ directory:
  ‘example1.tsv’ ‘example2.tsv’
Please use e.g. ‘inst/extdata’ for non-R data files

* checking data for non-ASCII characters ... OK
* checking LazyData ... OK
* checking data for ASCII and uncompressed saves ... OK
* checking examples ... ERROR
Running examples in ‘qpcR-Ex.R’ failed
The error most likely occurred in:

> ### Name: delta_cq
> ### Title: Calculate delta cq values per comparison
> ### Aliases: delta_cq
> 
> ### ** Examples
> 
> delta_cq(df, contr_mean)
Error in delta_cq(df, contr_mean) : could not find function "delta_cq"
Execution halted
* checking for unstated dependencies in ‘tests’ ... OK
* checking tests ... OK
  Running ‘testthat.R’
* checking PDF version of manual ... WARNING
LaTeX errors when creating PDF version.
This typically indicates Rd problems.
* checking PDF version of manual without hyperrefs or index ... ERROR
Re-running with no redirection of stdout/stderr.
* DONE
Status: 2 ERRORs, 6 WARNINGs, 3 NOTEs
